Determining if the pthread_create exist failed with the following output:
Change Dir: /home/isabelle/gazebo_plugins/CMakeFiles/CMakeTmp

Run Build Command:"/usr/bin/make" "cmTC_91f74/fast"
/usr/bin/make -f CMakeFiles/cmTC_91f74.dir/build.make CMakeFiles/cmTC_91f74.dir/build
make[1]: Entering directory '/home/isabelle/gazebo_plugins/CMakeFiles/CMakeTmp'
Building C object CMakeFiles/cmTC_91f74.dir/CheckSymbolExists.c.o
/usr/lib/ccache/cc     -o CMakeFiles/cmTC_91f74.dir/CheckSymbolExists.c.o   -c /home/isabelle/gazebo_plugins/CMakeFiles/CMakeTmp/CheckSymbolExists.c
Linking C executable cmTC_91f74
/usr/bin/cmake -E cmake_link_script CMakeFiles/cmTC_91f74.dir/link.txt --verbose=1
/usr/lib/ccache/cc       CMakeFiles/cmTC_91f74.dir/CheckSymbolExists.c.o  -o cmTC_91f74 -rdynamic 
CMakeFiles/cmTC_91f74.dir/CheckSymbolExists.c.o: In function `main':
CheckSymbolExists.c:(.text+0x16): undefined reference to `pthread_create'
collect2: error: ld returned 1 exit status
CMakeFiles/cmTC_91f74.dir/build.make:97: recipe for target 'cmTC_91f74' failed
make[1]: *** [cmTC_91f74] Error 1
make[1]: Leaving directory '/home/isabelle/gazebo_plugins/CMakeFiles/CMakeTmp'
Makefile:126: recipe for target 'cmTC_91f74/fast' failed
make: *** [cmTC_91f74/fast] Error 2

File /home/isabelle/gazebo_plugins/CMakeFiles/CMakeTmp/CheckSymbolExists.c:
/* */
#include <pthread.h>

int main(int argc, char** argv)
{
  (void)argv;
#ifndef pthread_create
  return ((int*)(&pthread_create))[argc];
#else
  (void)argc;
  return 0;
#endif
}

Determining if the function pthread_create exists in the pthreads failed with the following output:
Change Dir: /home/isabelle/gazebo_plugins/CMakeFiles/CMakeTmp

Run Build Command:"/usr/bin/make" "cmTC_af406/fast"
/usr/bin/make -f CMakeFiles/cmTC_af406.dir/build.make CMakeFiles/cmTC_af406.dir/build
make[1]: Entering directory '/home/isabelle/gazebo_plugins/CMakeFiles/CMakeTmp'
Building C object CMakeFiles/cmTC_af406.dir/CheckFunctionExists.c.o
/usr/lib/ccache/cc    -DCHECK_FUNCTION_EXISTS=pthread_create   -o CMakeFiles/cmTC_af406.dir/CheckFunctionExists.c.o   -c /usr/share/cmake-3.5/Modules/CheckFunctionExists.c
Linking C executable cmTC_af406
/usr/bin/cmake -E cmake_link_script CMakeFiles/cmTC_af406.dir/link.txt --verbose=1
/usr/lib/ccache/cc   -DCHECK_FUNCTION_EXISTS=pthread_create    CMakeFiles/cmTC_af406.dir/CheckFunctionExists.c.o  -o cmTC_af406 -rdynamic -lpthreads 
/usr/bin/ld: cannot find -lpthreads
collect2: error: ld returned 1 exit status
CMakeFiles/cmTC_af406.dir/build.make:97: recipe for target 'cmTC_af406' failed
make[1]: *** [cmTC_af406] Error 1
make[1]: Leaving directory '/home/isabelle/gazebo_plugins/CMakeFiles/CMakeTmp'
Makefile:126: recipe for target 'cmTC_af406/fast' failed
make: *** [cmTC_af406/fast] Error 2


