Determining if the pthread_create exist failed with the following output:
Change Dir: /home/isabelle/gazebo_plugins/build/CMakeFiles/CMakeTmp

Run Build Command:"/usr/bin/make" "cmTC_2045d/fast"
/usr/bin/make -f CMakeFiles/cmTC_2045d.dir/build.make CMakeFiles/cmTC_2045d.dir/build
make[1]: Entering directory '/home/isabelle/gazebo_plugins/build/CMakeFiles/CMakeTmp'
Building C object CMakeFiles/cmTC_2045d.dir/CheckSymbolExists.c.o
/usr/lib/ccache/cc     -o CMakeFiles/cmTC_2045d.dir/CheckSymbolExists.c.o   -c /home/isabelle/gazebo_plugins/build/CMakeFiles/CMakeTmp/CheckSymbolExists.c
Linking C executable cmTC_2045d
/usr/bin/cmake -E cmake_link_script CMakeFiles/cmTC_2045d.dir/link.txt --verbose=1
/usr/lib/ccache/cc       CMakeFiles/cmTC_2045d.dir/CheckSymbolExists.c.o  -o cmTC_2045d -rdynamic 
CMakeFiles/cmTC_2045d.dir/CheckSymbolExists.c.o: In function `main':
CheckSymbolExists.c:(.text+0x16): undefined reference to `pthread_create'
collect2: error: ld returned 1 exit status
CMakeFiles/cmTC_2045d.dir/build.make:97: recipe for target 'cmTC_2045d' failed
make[1]: *** [cmTC_2045d] Error 1
make[1]: Leaving directory '/home/isabelle/gazebo_plugins/build/CMakeFiles/CMakeTmp'
Makefile:126: recipe for target 'cmTC_2045d/fast' failed
make: *** [cmTC_2045d/fast] Error 2

File /home/isabelle/gazebo_plugins/build/CMakeFiles/CMakeTmp/CheckSymbolExists.c:
/* */
#include <pthread.h>

int main(int argc, char** argv)
{
  (void)argv;
#ifndef pthread_create
  return ((int*)(&pthread_create))[argc];
#else
  (void)argc;
  return 0;
#endif
}

Determining if the function pthread_create exists in the pthreads failed with the following output:
Change Dir: /home/isabelle/gazebo_plugins/build/CMakeFiles/CMakeTmp

Run Build Command:"/usr/bin/make" "cmTC_56957/fast"
/usr/bin/make -f CMakeFiles/cmTC_56957.dir/build.make CMakeFiles/cmTC_56957.dir/build
make[1]: Entering directory '/home/isabelle/gazebo_plugins/build/CMakeFiles/CMakeTmp'
Building C object CMakeFiles/cmTC_56957.dir/CheckFunctionExists.c.o
/usr/lib/ccache/cc    -DCHECK_FUNCTION_EXISTS=pthread_create   -o CMakeFiles/cmTC_56957.dir/CheckFunctionExists.c.o   -c /usr/share/cmake-3.5/Modules/CheckFunctionExists.c
Linking C executable cmTC_56957
/usr/bin/cmake -E cmake_link_script CMakeFiles/cmTC_56957.dir/link.txt --verbose=1
/usr/lib/ccache/cc   -DCHECK_FUNCTION_EXISTS=pthread_create    CMakeFiles/cmTC_56957.dir/CheckFunctionExists.c.o  -o cmTC_56957 -rdynamic -lpthreads 
/usr/bin/ld: cannot find -lpthreads
collect2: error: ld returned 1 exit status
CMakeFiles/cmTC_56957.dir/build.make:97: recipe for target 'cmTC_56957' failed
make[1]: *** [cmTC_56957] Error 1
make[1]: Leaving directory '/home/isabelle/gazebo_plugins/build/CMakeFiles/CMakeTmp'
Makefile:126: recipe for target 'cmTC_56957/fast' failed
make: *** [cmTC_56957/fast] Error 2


